<?xml version="1.0" encoding="UTF-8"?>
<coverage generated="1752233168413" clover="3.2.0">
  <project timestamp="1752233168413" name="All files">
    <metrics statements="89" coveredstatements="47" conditionals="89" coveredconditionals="37" methods="31" coveredmethods="9" elements="209" coveredelements="93" complexity="0" loc="89" ncloc="89" packages="1" files="1" classes="1"/>
    <file name="App.js" path="/workspace/frontend/src/App.js">
      <metrics statements="89" coveredstatements="47" conditionals="89" coveredconditionals="37" methods="31" coveredmethods="9"/>
      <line num="4" count="1" type="cond" truecount="1" falsecount="1"/>
      <line num="5" count="45" type="stmt"/>
      <line num="31" count="1" type="stmt"/>
      <line num="32" count="0" type="stmt"/>
      <line num="59" count="0" type="stmt"/>
      <line num="71" count="0" type="stmt"/>
      <line num="131" count="1" type="stmt"/>
      <line num="132" count="63" type="stmt"/>
      <line num="145" count="0" type="cond" truecount="0" falsecount="2"/>
      <line num="163" count="0" type="cond" truecount="0" falsecount="2"/>
      <line num="181" count="0" type="stmt"/>
      <line num="213" count="68" type="stmt"/>
      <line num="214" count="67" type="stmt"/>
      <line num="215" count="67" type="stmt"/>
      <line num="216" count="67" type="stmt"/>
      <line num="217" count="67" type="stmt"/>
      <line num="218" count="67" type="stmt"/>
      <line num="223" count="67" type="stmt"/>
      <line num="224" count="67" type="stmt"/>
      <line num="226" count="67" type="stmt"/>
      <line num="229" count="67" type="cond" truecount="2" falsecount="0"/>
      <line num="230" count="42" type="stmt"/>
      <line num="231" count="42" type="stmt"/>
      <line num="237" count="42" type="stmt"/>
      <line num="238" count="36" type="cond" truecount="2" falsecount="0"/>
      <line num="240" count="16" type="stmt"/>
      <line num="242" count="15" type="cond" truecount="1" falsecount="1"/>
      <line num="243" count="0" type="stmt"/>
      <line num="244" count="0" type="cond" truecount="0" falsecount="2"/>
      <line num="246" count="15" type="stmt"/>
      <line num="247" count="15" type="cond" truecount="2" falsecount="0"/>
      <line num="250" count="28" type="stmt"/>
      <line num="251" count="28" type="stmt"/>
      <line num="256" count="63" type="stmt"/>
      <line num="257" count="0" type="stmt"/>
      <line num="258" count="0" type="stmt"/>
      <line num="259" count="0" type="stmt"/>
      <line num="264" count="0" type="cond" truecount="0" falsecount="2"/>
      <line num="267" count="0" type="stmt"/>
      <line num="268" count="0" type="stmt"/>
      <line num="269" count="0" type="stmt"/>
      <line num="272" count="0" type="stmt"/>
      <line num="273" count="0" type="stmt"/>
      <line num="278" count="63" type="stmt"/>
      <line num="279" count="42" type="stmt"/>
      <line num="280" count="42" type="stmt"/>
      <line num="281" count="41" type="cond" truecount="1" falsecount="1"/>
      <line num="282" count="2" type="stmt"/>
      <line num="283" count="2" type="stmt"/>
      <line num="286" count="40" type="stmt"/>
      <line num="291" count="63" type="stmt"/>
      <line num="292" count="0" type="stmt"/>
      <line num="293" count="0" type="stmt"/>
      <line num="299" count="0" type="cond" truecount="0" falsecount="2"/>
      <line num="300" count="0" type="stmt"/>
      <line num="301" count="0" type="cond" truecount="0" falsecount="2"/>
      <line num="305" count="0" type="stmt"/>
      <line num="310" count="63" type="stmt"/>
      <line num="311" count="0" type="stmt"/>
      <line num="312" count="0" type="stmt"/>
      <line num="318" count="0" type="cond" truecount="0" falsecount="2"/>
      <line num="319" count="0" type="stmt"/>
      <line num="320" count="0" type="cond" truecount="0" falsecount="2"/>
      <line num="324" count="0" type="stmt"/>
      <line num="329" count="63" type="stmt"/>
      <line num="330" count="0" type="stmt"/>
      <line num="331" count="0" type="stmt"/>
      <line num="332" count="0" type="stmt"/>
      <line num="333" count="0" type="stmt"/>
      <line num="337" count="63" type="stmt"/>
      <line num="338" count="0" type="stmt"/>
      <line num="339" count="0" type="stmt"/>
      <line num="342" count="0" type="stmt"/>
      <line num="346" count="63" type="stmt"/>
      <line num="347" count="0" type="cond" truecount="0" falsecount="4"/>
      <line num="348" count="0" type="stmt"/>
      <line num="353" count="63" type="stmt"/>
      <line num="354" count="42" type="stmt"/>
      <line num="357" count="42" type="stmt"/>
      <line num="361" count="63" type="stmt"/>
      <line num="362" count="60" type="stmt"/>
      <line num="363" count="0" type="cond" truecount="0" falsecount="4"/>
      <line num="364" count="0" type="stmt"/>
      <line num="365" count="0" type="stmt"/>
      <line num="369" count="60" type="stmt"/>
      <line num="370" count="60" type="cond" truecount="1" falsecount="1"/>
      <line num="371" count="60" type="stmt"/>
      <line num="376" count="63" type="stmt"/>
      <line num="477" count="0" type="stmt"/>
    </file>
  </project>
</coverage>
