TN:
SF:src/App.js
FN:4,(anonymous_0)
FN:31,(anonymous_1)
FN:59,(anonymous_2)
FN:71,(anonymous_3)
FN:131,(anonymous_4)
FN:145,(anonymous_5)
FN:163,(anonymous_6)
FN:181,(anonymous_7)
FN:212,App
FN:229,(anonymous_9)
FN:243,(anonymous_10)
FN:256,(anonymous_11)
FN:267,(anonymous_12)
FN:278,(anonymous_13)
FN:291,(anonymous_14)
FN:300,(anonymous_15)
FN:300,(anonymous_16)
FN:310,(anonymous_17)
FN:319,(anonymous_18)
FN:319,(anonymous_19)
FN:329,(anonymous_20)
FN:333,(anonymous_21)
FN:337,(anonymous_22)
FN:342,(anonymous_23)
FN:346,(anonymous_24)
FN:353,(anonymous_25)
FN:357,(anonymous_26)
FN:361,(anonymous_27)
FN:362,(anonymous_28)
FN:369,(anonymous_29)
FN:476,(anonymous_30)
FNF:31
FNH:9
FNDA:45,(anonymous_0)
FNDA:0,(anonymous_1)
FNDA:0,(anonymous_2)
FNDA:0,(anonymous_3)
FNDA:63,(anonymous_4)
FNDA:0,(anonymous_5)
FNDA:0,(anonymous_6)
FNDA:0,(anonymous_7)
FNDA:68,App
FNDA:42,(anonymous_9)
FNDA:0,(anonymous_10)
FNDA:0,(anonymous_11)
FNDA:0,(anonymous_12)
FNDA:42,(anonymous_13)
FNDA:0,(anonymous_14)
FNDA:0,(anonymous_15)
FNDA:0,(anonymous_16)
FNDA:0,(anonymous_17)
FNDA:0,(anonymous_18)
FNDA:0,(anonymous_19)
FNDA:0,(anonymous_20)
FNDA:0,(anonymous_21)
FNDA:0,(anonymous_22)
FNDA:0,(anonymous_23)
FNDA:0,(anonymous_24)
FNDA:42,(anonymous_25)
FNDA:42,(anonymous_26)
FNDA:60,(anonymous_27)
FNDA:0,(anonymous_28)
FNDA:60,(anonymous_29)
FNDA:0,(anonymous_30)
DA:4,1
DA:5,45
DA:31,1
DA:32,0
DA:59,0
DA:71,0
DA:131,1
DA:132,63
DA:145,0
DA:163,0
DA:181,0
DA:213,68
DA:214,67
DA:215,67
DA:216,67
DA:217,67
DA:218,67
DA:223,67
DA:224,67
DA:226,67
DA:229,67
DA:230,42
DA:231,42
DA:237,42
DA:238,36
DA:240,16
DA:242,15
DA:243,0
DA:244,0
DA:246,15
DA:247,15
DA:250,28
DA:251,28
DA:256,63
DA:257,0
DA:258,0
DA:259,0
DA:264,0
DA:267,0
DA:268,0
DA:269,0
DA:272,0
DA:273,0
DA:278,63
DA:279,42
DA:280,42
DA:281,41
DA:282,2
DA:283,2
DA:286,40
DA:291,63
DA:292,0
DA:293,0
DA:299,0
DA:300,0
DA:301,0
DA:305,0
DA:310,63
DA:311,0
DA:312,0
DA:318,0
DA:319,0
DA:320,0
DA:324,0
DA:329,63
DA:330,0
DA:331,0
DA:332,0
DA:333,0
DA:337,63
DA:338,0
DA:339,0
DA:342,0
DA:346,63
DA:347,0
DA:348,0
DA:353,63
DA:354,42
DA:357,42
DA:361,63
DA:362,60
DA:363,0
DA:364,0
DA:365,0
DA:369,60
DA:370,60
DA:371,60
DA:376,63
DA:477,0
LF:89
LH:47
BRDA:4,0,0,0
BRDA:4,1,0,45
BRDA:6,2,0,0
BRDA:6,2,1,45
BRDA:9,3,0,0
BRDA:9,3,1,45
BRDA:39,4,0,0
BRDA:39,4,1,0
BRDA:65,5,0,0
BRDA:65,5,1,0
BRDA:73,6,0,0
BRDA:73,6,1,0
BRDA:82,7,0,0
BRDA:82,7,1,0
BRDA:111,8,0,0
BRDA:111,8,1,0
BRDA:144,9,0,63
BRDA:144,9,1,63
BRDA:145,10,0,0
BRDA:145,10,1,0
BRDA:162,11,0,63
BRDA:162,11,1,63
BRDA:163,12,0,0
BRDA:163,12,1,0
BRDA:180,13,0,63
BRDA:180,13,1,0
BRDA:185,14,0,63
BRDA:185,14,1,0
BRDA:198,15,0,0
BRDA:198,15,1,63
BRDA:202,16,0,0
BRDA:202,16,1,63
BRDA:206,17,0,63
BRDA:206,17,1,0
BRDA:229,18,0,42
BRDA:229,19,0,42
BRDA:234,20,0,0
BRDA:234,20,1,42
BRDA:238,21,0,1
BRDA:238,21,1,16
BRDA:242,22,0,0
BRDA:242,22,1,15
BRDA:244,23,0,0
BRDA:244,23,1,0
BRDA:247,24,0,14
BRDA:247,24,1,14
BRDA:264,25,0,0
BRDA:264,25,1,0
BRDA:281,26,0,2
BRDA:281,26,1,0
BRDA:299,27,0,0
BRDA:299,27,1,0
BRDA:301,28,0,0
BRDA:301,28,1,0
BRDA:318,29,0,0
BRDA:318,29,1,0
BRDA:320,30,0,0
BRDA:320,30,1,0
BRDA:347,31,0,0
BRDA:347,31,1,0
BRDA:347,32,0,0
BRDA:347,32,1,0
BRDA:363,33,0,0
BRDA:363,33,1,0
BRDA:363,34,0,0
BRDA:363,34,1,0
BRDA:370,35,0,60
BRDA:370,35,1,0
BRDA:399,36,0,63
BRDA:399,36,1,2
BRDA:411,37,0,0
BRDA:411,37,1,63
BRDA:415,38,0,0
BRDA:415,38,1,63
BRDA:422,39,0,63
BRDA:422,39,1,0
BRDA:443,40,0,63
BRDA:443,40,1,8
BRDA:457,41,0,63
BRDA:457,41,1,45
BRDA:457,41,2,45
BRDA:473,42,0,63
BRDA:473,42,1,18
BRDA:473,42,2,0
BRDA:487,43,0,0
BRDA:487,43,1,0
BRDA:509,44,0,63
BRDA:509,44,1,18
BRDA:509,44,2,7
BRF:89
BRH:37
end_of_record
