TN:
SF:db.js
FN:37,(anonymous_0)
FN:46,(anonymous_1)
FN:55,(anonymous_2)
FN:64,(anonymous_3)
FN:72,(anonymous_4)
FN:73,(anonymous_5)
FN:74,(anonymous_6)
FN:80,(anonymous_7)
FN:81,(anonymous_8)
FN:82,(anonymous_9)
FN:88,(anonymous_10)
FN:89,(anonymous_11)
FN:90,(anonymous_12)
FN:96,(anonymous_13)
FN:97,(anonymous_14)
FN:103,initializeDatabase
FN:237,(anonymous_16)
FN:241,(anonymous_17)
FN:245,(anonymous_18)
FN:261,(anonymous_19)
FN:263,(anonymous_20)
FN:272,(anonymous_21)
FN:276,(anonymous_22)
FN:286,(anonymous_23)
FN:290,(anonymous_24)
FN:300,(anonymous_25)
FN:302,(anonymous_26)
FN:309,(anonymous_27)
FN:318,(anonymous_28)
FN:336,(anonymous_29)
FN:347,(anonymous_30)
FN:353,(anonymous_31)
FN:360,(anonymous_32)
FN:390,(anonymous_33)
FN:401,(anonymous_34)
FN:414,(anonymous_35)
FN:449,(anonymous_36)
FN:457,(anonymous_37)
FN:463,(anonymous_38)
FN:467,(anonymous_39)
FN:471,(anonymous_40)
FN:475,(anonymous_41)
FN:482,(anonymous_42)
FN:490,(anonymous_43)
FN:498,(anonymous_44)
FN:507,(anonymous_45)
FN:519,(anonymous_46)
FNF:47
FNH:0
FNDA:0,(anonymous_0)
FNDA:0,(anonymous_1)
FNDA:0,(anonymous_2)
FNDA:0,(anonymous_3)
FNDA:0,(anonymous_4)
FNDA:0,(anonymous_5)
FNDA:0,(anonymous_6)
FNDA:0,(anonymous_7)
FNDA:0,(anonymous_8)
FNDA:0,(anonymous_9)
FNDA:0,(anonymous_10)
FNDA:0,(anonymous_11)
FNDA:0,(anonymous_12)
FNDA:0,(anonymous_13)
FNDA:0,(anonymous_14)
FNDA:0,initializeDatabase
FNDA:0,(anonymous_16)
FNDA:0,(anonymous_17)
FNDA:0,(anonymous_18)
FNDA:0,(anonymous_19)
FNDA:0,(anonymous_20)
FNDA:0,(anonymous_21)
FNDA:0,(anonymous_22)
FNDA:0,(anonymous_23)
FNDA:0,(anonymous_24)
FNDA:0,(anonymous_25)
FNDA:0,(anonymous_26)
FNDA:0,(anonymous_27)
FNDA:0,(anonymous_28)
FNDA:0,(anonymous_29)
FNDA:0,(anonymous_30)
FNDA:0,(anonymous_31)
FNDA:0,(anonymous_32)
FNDA:0,(anonymous_33)
FNDA:0,(anonymous_34)
FNDA:0,(anonymous_35)
FNDA:0,(anonymous_36)
FNDA:0,(anonymous_37)
FNDA:0,(anonymous_38)
FNDA:0,(anonymous_39)
FNDA:0,(anonymous_40)
FNDA:0,(anonymous_41)
FNDA:0,(anonymous_42)
FNDA:0,(anonymous_43)
FNDA:0,(anonymous_44)
FNDA:0,(anonymous_45)
FNDA:0,(anonymous_46)
DA:6,0
DA:7,0
DA:10,0
DA:11,0
DA:12,0
DA:14,0
DA:18,0
DA:19,0
DA:20,0
DA:22,0
DA:25,0
DA:29,0
DA:31,0
DA:36,0
DA:38,0
DA:39,0
DA:40,0
DA:42,0
DA:43,0
DA:47,0
DA:48,0
DA:49,0
DA:51,0
DA:52,0
DA:56,0
DA:57,0
DA:58,0
DA:60,0
DA:61,0
DA:64,0
DA:66,0
DA:68,0
DA:69,0
DA:71,0
DA:73,0
DA:74,0
DA:75,0
DA:76,0
DA:81,0
DA:82,0
DA:83,0
DA:84,0
DA:89,0
DA:90,0
DA:91,0
DA:92,0
DA:96,0
DA:97,0
DA:100,0
DA:104,0
DA:106,0
DA:120,0
DA:131,0
DA:157,0
DA:173,0
DA:184,0
DA:194,0
DA:195,0
DA:196,0
DA:197,0
DA:198,0
DA:199,0
DA:200,0
DA:201,0
DA:204,0
DA:205,0
DA:206,0
DA:207,0
DA:209,0
DA:210,0
DA:211,0
DA:212,0
DA:213,0
DA:214,0
DA:217,0
DA:218,0
DA:219,0
DA:223,0
DA:224,0
DA:225,0
DA:228,0
DA:230,0
DA:231,0
DA:236,0
DA:238,0
DA:242,0
DA:246,0
DA:247,0
DA:253,0
DA:258,0
DA:262,0
DA:263,0
DA:264,0
DA:266,0
DA:273,0
DA:277,0
DA:278,0
DA:287,0
DA:291,0
DA:294,0
DA:299,0
DA:301,0
DA:302,0
DA:310,0
DA:311,0
DA:312,0
DA:313,0
DA:315,0
DA:319,0
DA:320,0
DA:333,0
DA:337,0
DA:338,0
DA:340,0
DA:341,0
DA:343,0
DA:344,0
DA:347,0
DA:348,0
DA:350,0
DA:354,0
DA:359,0
DA:361,0
DA:363,0
DA:364,0
DA:366,0
DA:367,0
DA:368,0
DA:371,0
DA:372,0
DA:373,0
DA:376,0
DA:377,0
DA:378,0
DA:381,0
DA:382,0
DA:383,0
DA:386,0
DA:387,0
DA:389,0
DA:390,0
DA:402,0
DA:403,0
DA:404,0
DA:405,0
DA:406,0
DA:407,0
DA:408,0
DA:409,0
DA:411,0
DA:415,0
DA:416,0
DA:422,0
DA:446,0
DA:450,0
DA:451,0
DA:453,0
DA:454,0
DA:457,0
DA:458,0
DA:460,0
DA:464,0
DA:468,0
DA:472,0
DA:476,0
DA:481,0
DA:483,0
DA:484,0
DA:485,0
DA:487,0
DA:491,0
DA:492,0
DA:494,0
DA:495,0
DA:498,0
DA:499,0
DA:501,0
DA:506,0
DA:509,0
DA:510,0
DA:511,0
DA:513,0
DA:520,0
DA:521,0
DA:522,0
DA:523,0
DA:525,0
DA:535,0
LF:188
LH:0
BRDA:29,0,0,0
BRDA:29,0,1,0
BRDA:29,1,0,0
BRDA:29,1,1,0
BRDA:33,2,0,0
BRDA:33,2,1,0
BRDA:37,3,0,0
BRDA:46,4,0,0
BRDA:55,5,0,0
BRDA:66,6,0,0
BRDA:66,6,1,0
BRDA:68,7,0,0
BRDA:68,7,1,0
BRDA:72,8,0,0
BRDA:75,9,0,0
BRDA:75,9,1,0
BRDA:80,10,0,0
BRDA:83,11,0,0
BRDA:83,11,1,0
BRDA:88,12,0,0
BRDA:91,13,0,0
BRDA:91,13,1,0
BRDA:104,14,0,0
BRDA:104,14,1,0
BRDA:195,15,0,0
BRDA:195,15,1,0
BRDA:224,16,0,0
BRDA:224,16,1,0
BRDA:249,17,0,0
BRDA:249,17,1,0
BRDA:282,18,0,0
BRDA:282,18,1,0
BRDA:291,19,0,0
BRDA:291,19,1,0
BRDA:304,20,0,0
BRDA:304,20,1,0
BRDA:305,21,0,0
BRDA:305,21,1,0
BRDA:311,22,0,0
BRDA:311,22,1,0
BRDA:312,23,0,0
BRDA:312,23,1,0
BRDA:313,24,0,0
BRDA:313,24,1,0
BRDA:325,25,0,0
BRDA:325,25,1,0
BRDA:326,26,0,0
BRDA:326,26,1,0
BRDA:328,27,0,0
BRDA:328,27,1,0
BRDA:340,28,0,0
BRDA:340,28,1,0
BRDA:343,29,0,0
BRDA:343,29,1,0
BRDA:360,30,0,0
BRDA:361,31,0,0
BRDA:361,32,0,0
BRDA:366,33,0,0
BRDA:366,33,1,0
BRDA:371,34,0,0
BRDA:371,34,1,0
BRDA:376,35,0,0
BRDA:376,35,1,0
BRDA:381,36,0,0
BRDA:381,36,1,0
BRDA:392,37,0,0
BRDA:392,37,1,0
BRDA:403,38,0,0
BRDA:403,38,1,0
BRDA:404,39,0,0
BRDA:404,39,1,0
BRDA:433,40,0,0
BRDA:433,40,1,0
BRDA:434,41,0,0
BRDA:434,41,1,0
BRDA:453,42,0,0
BRDA:453,42,1,0
BRDA:467,43,0,0
BRDA:471,44,0,0
BRDA:475,45,0,0
BRDA:484,46,0,0
BRDA:484,46,1,0
BRDA:494,47,0,0
BRDA:494,47,1,0
BRDA:494,48,0,0
BRDA:494,48,1,0
BRDA:510,49,0,0
BRDA:510,49,1,0
BRF:88
BRH:0
end_of_record
TN:
SF:feedProcessor.js
FN:19,translateTextFallback
FN:36,generateFallbackImageUrl
FN:53,evaluateSeriousnessFallback
FN:67,(anonymous_3)
FN:72,(anonymous_4)
FN:79,calculateJaccardSimilarity
FN:82,(anonymous_6)
FN:83,(anonymous_7)
FN:85,(anonymous_8)
FN:92,isDuplicate
FN:116,matchTopics
FN:130,(anonymous_11)
FN:135,(anonymous_12)
FN:152,processSingleFeed
FN:325,processAllFeeds
FN:330,(anonymous_15)
FN:340,(anonymous_16)
FN:356,processFeedByUrl
FN:359,(anonymous_18)
FN:375,getProcessingHealth
FN:379,(anonymous_20)
FN:380,(anonymous_21)
FN:386,(anonymous_22)
FNF:23
FNH:0
FNDA:0,translateTextFallback
FNDA:0,generateFallbackImageUrl
FNDA:0,evaluateSeriousnessFallback
FNDA:0,(anonymous_3)
FNDA:0,(anonymous_4)
FNDA:0,calculateJaccardSimilarity
FNDA:0,(anonymous_6)
FNDA:0,(anonymous_7)
FNDA:0,(anonymous_8)
FNDA:0,isDuplicate
FNDA:0,matchTopics
FNDA:0,(anonymous_11)
FNDA:0,(anonymous_12)
FNDA:0,processSingleFeed
FNDA:0,processAllFeeds
FNDA:0,(anonymous_15)
FNDA:0,(anonymous_16)
FNDA:0,processFeedByUrl
FNDA:0,(anonymous_18)
FNDA:0,getProcessingHealth
FNDA:0,(anonymous_20)
FNDA:0,(anonymous_21)
FNDA:0,(anonymous_22)
DA:7,0
DA:15,0
DA:16,0
DA:20,0
DA:22,0
DA:23,0
DA:24,0
DA:25,0
DA:27,0
DA:28,0
DA:30,0
DA:31,0
DA:37,0
DA:40,0
DA:46,0
DA:54,0
DA:55,0
DA:58,0
DA:61,0
DA:62,0
DA:65,0
DA:66,0
DA:67,0
DA:68,0
DA:71,0
DA:72,0
DA:73,0
DA:75,0
DA:80,0
DA:82,0
DA:83,0
DA:85,0
DA:86,0
DA:88,0
DA:93,0
DA:94,0
DA:96,0
DA:97,0
DA:102,0
DA:103,0
DA:104,0
DA:108,0
DA:110,0
DA:111,0
DA:117,0
DA:118,0
DA:119,0
DA:121,0
DA:123,0
DA:124,0
DA:126,0
DA:127,0
DA:130,0
DA:131,0
DA:135,0
DA:136,0
DA:139,0
DA:140,0
DA:144,0
DA:146,0
DA:147,0
DA:153,0
DA:155,0
DA:164,0
DA:166,0
DA:167,0
DA:169,0
DA:170,0
DA:171,0
DA:173,0
DA:175,0
DA:176,0
DA:178,0
DA:179,0
DA:181,0
DA:182,0
DA:183,0
DA:184,0
DA:185,0
DA:186,0
DA:189,0
DA:196,0
DA:197,0
DA:198,0
DA:202,0
DA:203,0
DA:206,0
DA:207,0
DA:208,0
DA:209,0
DA:213,0
DA:214,0
DA:215,0
DA:216,0
DA:219,0
DA:220,0
DA:221,0
DA:222,0
DA:223,0
DA:225,0
DA:226,0
DA:227,0
DA:228,0
DA:230,0
DA:236,0
DA:237,0
DA:238,0
DA:240,0
DA:241,0
DA:245,0
DA:246,0
DA:247,0
DA:248,0
DA:249,0
DA:250,0
DA:252,0
DA:253,0
DA:254,0
DA:255,0
DA:260,0
DA:266,0
DA:289,0
DA:290,0
DA:293,0
DA:298,0
DA:301,0
DA:307,0
DA:310,0
DA:311,0
DA:321,0
DA:326,0
DA:328,0
DA:329,0
DA:330,0
DA:332,0
DA:335,0
DA:336,0
DA:337,0
DA:340,0
DA:343,0
DA:348,0
DA:351,0
DA:357,0
DA:358,0
DA:359,0
DA:361,0
DA:362,0
DA:365,0
DA:366,0
DA:369,0
DA:370,0
DA:376,0
DA:377,0
DA:378,0
DA:379,0
DA:380,0
DA:382,0
DA:386,0
DA:397,0
LF:159
LH:0
BRDA:15,0,0,0
BRDA:15,0,1,0
BRDA:19,1,0,0
BRDA:20,2,0,0
BRDA:20,2,1,0
BRDA:20,3,0,0
BRDA:20,3,1,0
BRDA:20,3,2,0
BRDA:25,4,0,0
BRDA:25,4,1,0
BRDA:28,5,0,0
BRDA:28,5,1,0
BRDA:37,6,0,0
BRDA:37,6,1,0
BRDA:61,7,0,0
BRDA:61,7,1,0
BRDA:62,8,0,0
BRDA:62,8,1,0
BRDA:80,9,0,0
BRDA:80,9,1,0
BRDA:80,10,0,0
BRDA:80,10,1,0
BRDA:88,11,0,0
BRDA:88,11,1,0
BRDA:102,12,0,0
BRDA:102,12,1,0
BRDA:124,13,0,0
BRDA:124,13,1,0
BRDA:126,14,0,0
BRDA:126,14,1,0
BRDA:127,15,0,0
BRDA:127,15,1,0
BRDA:139,16,0,0
BRDA:139,16,1,0
BRDA:139,17,0,0
BRDA:139,17,1,0
BRDA:181,18,0,0
BRDA:181,18,1,0
BRDA:181,18,2,0
BRDA:182,19,0,0
BRDA:182,19,1,0
BRDA:183,20,0,0
BRDA:183,20,1,0
BRDA:183,20,2,0
BRDA:183,20,3,0
BRDA:184,21,0,0
BRDA:184,21,1,0
BRDA:185,22,0,0
BRDA:185,22,1,0
BRDA:185,22,2,0
BRDA:196,23,0,0
BRDA:196,23,1,0
BRDA:206,24,0,0
BRDA:206,24,1,0
BRDA:206,25,0,0
BRDA:206,25,1,0
BRDA:208,26,0,0
BRDA:208,26,1,0
BRDA:208,27,0,0
BRDA:208,27,1,0
BRDA:208,27,2,0
BRDA:219,28,0,0
BRDA:219,28,1,0
BRDA:245,29,0,0
BRDA:245,29,1,0
BRDA:261,30,0,0
BRDA:261,30,1,0
BRDA:262,31,0,0
BRDA:262,31,1,0
BRDA:310,32,0,0
BRDA:310,32,1,0
BRDA:314,33,0,0
BRDA:314,33,1,0
BRDA:361,34,0,0
BRDA:361,34,1,0
BRF:75
BRH:0
end_of_record
TN:
SF:server.js
FN:24,(anonymous_0)
FN:30,(anonymous_1)
FN:58,(anonymous_2)
FN:69,(anonymous_3)
FN:83,(anonymous_4)
FN:109,(anonymous_5)
FN:129,(anonymous_6)
FN:144,(anonymous_7)
FN:155,(anonymous_8)
FN:169,(anonymous_9)
FN:196,(anonymous_10)
FN:217,(anonymous_11)
FN:232,(anonymous_12)
FN:261,(anonymous_13)
FN:274,(anonymous_14)
FN:288,(anonymous_15)
FN:300,(anonymous_16)
FN:312,(anonymous_17)
FN:324,(anonymous_18)
FN:339,(anonymous_19)
FN:350,(anonymous_20)
FN:367,(anonymous_21)
FN:379,(anonymous_22)
FN:390,(anonymous_23)
FN:432,(anonymous_24)
FN:479,(anonymous_25)
FN:492,(anonymous_26)
FN:508,(anonymous_27)
FN:523,(anonymous_28)
FN:534,(anonymous_29)
FN:549,(anonymous_30)
FN:576,(anonymous_31)
FN:597,(anonymous_32)
FN:611,(anonymous_33)
FN:617,(anonymous_34)
FN:622,(anonymous_35)
FN:639,(anonymous_36)
FNF:37
FNH:0
FNDA:0,(anonymous_0)
FNDA:0,(anonymous_1)
FNDA:0,(anonymous_2)
FNDA:0,(anonymous_3)
FNDA:0,(anonymous_4)
FNDA:0,(anonymous_5)
FNDA:0,(anonymous_6)
FNDA:0,(anonymous_7)
FNDA:0,(anonymous_8)
FNDA:0,(anonymous_9)
FNDA:0,(anonymous_10)
FNDA:0,(anonymous_11)
FNDA:0,(anonymous_12)
FNDA:0,(anonymous_13)
FNDA:0,(anonymous_14)
FNDA:0,(anonymous_15)
FNDA:0,(anonymous_16)
FNDA:0,(anonymous_17)
FNDA:0,(anonymous_18)
FNDA:0,(anonymous_19)
FNDA:0,(anonymous_20)
FNDA:0,(anonymous_21)
FNDA:0,(anonymous_22)
FNDA:0,(anonymous_23)
FNDA:0,(anonymous_24)
FNDA:0,(anonymous_25)
FNDA:0,(anonymous_26)
FNDA:0,(anonymous_27)
FNDA:0,(anonymous_28)
FNDA:0,(anonymous_29)
FNDA:0,(anonymous_30)
FNDA:0,(anonymous_31)
FNDA:0,(anonymous_32)
FNDA:0,(anonymous_33)
FNDA:0,(anonymous_34)
FNDA:0,(anonymous_35)
FNDA:0,(anonymous_36)
DA:10,0
DA:11,0
DA:13,0
DA:14,0
DA:15,0
DA:17,0
DA:18,0
DA:21,0
DA:24,0
DA:25,0
DA:26,0
DA:30,0
DA:31,0
DA:32,0
DA:33,0
DA:35,0
DA:45,0
DA:58,0
DA:59,0
DA:60,0
DA:61,0
DA:63,0
DA:64,0
DA:69,0
DA:70,0
DA:71,0
DA:72,0
DA:73,0
DA:75,0
DA:77,0
DA:78,0
DA:83,0
DA:84,0
DA:85,0
DA:87,0
DA:88,0
DA:91,0
DA:92,0
DA:100,0
DA:101,0
DA:103,0
DA:104,0
DA:109,0
DA:110,0
DA:111,0
DA:112,0
DA:114,0
DA:115,0
DA:116,0
DA:117,0
DA:119,0
DA:120,0
DA:121,0
DA:123,0
DA:124,0
DA:129,0
DA:130,0
DA:131,0
DA:132,0
DA:134,0
DA:135,0
DA:144,0
DA:145,0
DA:146,0
DA:147,0
DA:149,0
DA:150,0
DA:155,0
DA:156,0
DA:157,0
DA:158,0
DA:159,0
DA:161,0
DA:163,0
DA:164,0
DA:169,0
DA:170,0
DA:171,0
DA:173,0
DA:174,0
DA:177,0
DA:178,0
DA:187,0
DA:188,0
DA:190,0
DA:191,0
DA:196,0
DA:197,0
DA:198,0
DA:199,0
DA:201,0
DA:202,0
DA:203,0
DA:204,0
DA:205,0
DA:207,0
DA:208,0
DA:209,0
DA:211,0
DA:212,0
DA:217,0
DA:218,0
DA:219,0
DA:220,0
DA:222,0
DA:223,0
DA:232,0
DA:233,0
DA:243,0
DA:245,0
DA:251,0
DA:252,0
DA:253,0
DA:255,0
DA:258,0
DA:259,0
DA:260,0
DA:261,0
DA:262,0
DA:266,0
DA:268,0
DA:269,0
DA:274,0
DA:275,0
DA:276,0
DA:277,0
DA:278,0
DA:280,0
DA:282,0
DA:283,0
DA:288,0
DA:289,0
DA:290,0
DA:291,0
DA:292,0
DA:294,0
DA:295,0
DA:300,0
DA:301,0
DA:302,0
DA:303,0
DA:304,0
DA:306,0
DA:307,0
DA:312,0
DA:313,0
DA:314,0
DA:315,0
DA:316,0
DA:318,0
DA:319,0
DA:324,0
DA:325,0
DA:326,0
DA:327,0
DA:329,0
DA:330,0
DA:339,0
DA:340,0
DA:341,0
DA:342,0
DA:344,0
DA:345,0
DA:350,0
DA:351,0
DA:352,0
DA:353,0
DA:354,0
DA:355,0
DA:357,0
DA:358,0
DA:367,0
DA:368,0
DA:369,0
DA:370,0
DA:371,0
DA:373,0
DA:374,0
DA:379,0
DA:380,0
DA:381,0
DA:389,0
DA:390,0
DA:393,0
DA:395,0
DA:397,0
DA:398,0
DA:400,0
DA:402,0
DA:409,0
DA:421,0
DA:422,0
DA:423,0
DA:431,0
DA:432,0
DA:434,0
DA:436,0
DA:437,0
DA:438,0
DA:440,0
DA:448,0
DA:449,0
DA:451,0
DA:457,0
DA:458,0
DA:459,0
DA:463,0
DA:469,0
DA:470,0
DA:479,0
DA:480,0
DA:481,0
DA:483,0
DA:484,0
DA:486,0
DA:487,0
DA:492,0
DA:493,0
DA:494,0
DA:495,0
DA:496,0
DA:499,0
DA:500,0
DA:502,0
DA:503,0
DA:508,0
DA:509,0
DA:510,0
DA:511,0
DA:513,0
DA:514,0
DA:523,0
DA:524,0
DA:525,0
DA:526,0
DA:528,0
DA:529,0
DA:534,0
DA:535,0
DA:536,0
DA:537,0
DA:539,0
DA:540,0
DA:549,0
DA:551,0
DA:552,0
DA:572,0
DA:576,0
DA:577,0
DA:597,0
DA:598,0
DA:599,0
DA:611,0
DA:612,0
DA:613,0
DA:617,0
DA:618,0
DA:619,0
DA:622,0
DA:623,0
DA:624,0
DA:625,0
DA:626,0
DA:627,0
DA:628,0
DA:629,0
DA:630,0
DA:631,0
DA:632,0
DA:633,0
DA:634,0
DA:635,0
DA:636,0
DA:639,0
DA:640,0
DA:641,0
LF:276
LH:0
BRDA:14,0,0,0
BRDA:14,0,1,0
BRDA:15,1,0,0
BRDA:15,1,1,0
BRDA:72,2,0,0
BRDA:72,2,1,0
BRDA:87,3,0,0
BRDA:87,3,1,0
BRDA:87,4,0,0
BRDA:87,4,1,0
BRDA:96,5,0,0
BRDA:96,5,1,0
BRDA:114,6,0,0
BRDA:114,6,1,0
BRDA:115,7,0,0
BRDA:115,7,1,0
BRDA:116,8,0,0
BRDA:116,8,1,0
BRDA:117,9,0,0
BRDA:117,9,1,0
BRDA:158,10,0,0
BRDA:158,10,1,0
BRDA:173,11,0,0
BRDA:173,11,1,0
BRDA:173,12,0,0
BRDA:173,12,1,0
BRDA:181,13,0,0
BRDA:181,13,1,0
BRDA:182,14,0,0
BRDA:182,14,1,0
BRDA:182,15,0,0
BRDA:182,15,1,0
BRDA:184,16,0,0
BRDA:184,16,1,0
BRDA:201,17,0,0
BRDA:201,17,1,0
BRDA:202,18,0,0
BRDA:202,18,1,0
BRDA:202,19,0,0
BRDA:202,19,1,0
BRDA:203,20,0,0
BRDA:203,20,1,0
BRDA:203,21,0,0
BRDA:203,21,1,0
BRDA:203,22,0,0
BRDA:203,22,1,0
BRDA:204,23,0,0
BRDA:204,23,1,0
BRDA:205,24,0,0
BRDA:205,24,1,0
BRDA:236,25,0,0
BRDA:237,26,0,0
BRDA:251,27,0,0
BRDA:251,27,1,0
BRDA:252,28,0,0
BRDA:252,28,1,0
BRDA:253,29,0,0
BRDA:253,29,1,0
BRDA:258,30,0,0
BRDA:258,30,1,0
BRDA:258,31,0,0
BRDA:258,31,1,0
BRDA:259,32,0,0
BRDA:259,32,1,0
BRDA:260,33,0,0
BRDA:260,33,1,0
BRDA:262,34,0,0
BRDA:262,34,1,0
BRDA:277,35,0,0
BRDA:277,35,1,0
BRDA:290,36,0,0
BRDA:302,37,0,0
BRDA:314,38,0,0
BRDA:381,39,0,0
BRDA:381,40,0,0
BRDA:397,41,0,0
BRDA:397,41,1,0
BRDA:400,42,0,0
BRDA:400,42,1,0
BRDA:405,43,0,0
BRDA:405,43,1,0
BRDA:413,44,0,0
BRDA:413,44,1,0
BRDA:422,45,0,0
BRDA:422,45,1,0
BRDA:422,46,0,0
BRDA:422,46,1,0
BRDA:437,47,0,0
BRDA:437,47,1,0
BRDA:442,48,0,0
BRDA:442,48,1,0
BRDA:443,49,0,0
BRDA:443,49,1,0
BRDA:445,50,0,0
BRDA:445,50,1,0
BRDA:448,51,0,0
BRDA:448,51,1,0
BRDA:458,52,0,0
BRDA:458,52,1,0
BRDA:458,53,0,0
BRDA:458,53,1,0
BRDA:495,54,0,0
BRDA:495,54,1,0
BRDA:551,55,0,0
BRDA:551,55,1,0
BRDA:625,56,0,0
BRDA:625,56,1,0
BRF:107
BRH:0
end_of_record
TN:
SF:ai/AiProviderFactory.js
FN:14,(anonymous_0)
FN:30,(anonymous_1)
FNF:2
FNH:0
FNDA:0,(anonymous_0)
FNDA:0,(anonymous_1)
DA:15,0
DA:17,0
DA:19,0
DA:22,0
DA:31,0
LF:5
LH:0
BRDA:15,0,0,0
BRDA:15,0,1,0
BRDA:15,0,2,0
BRDA:15,0,3,0
BRF:4
BRH:0
end_of_record
TN:
SF:ai/GeminiAiProvider.js
FN:8,(anonymous_0)
FN:19,(anonymous_1)
FN:42,(anonymous_2)
FN:75,(anonymous_3)
FN:92,(anonymous_4)
FN:117,(anonymous_5)
FN:132,(anonymous_6)
FNF:7
FNH:0
FNDA:0,(anonymous_0)
FNDA:0,(anonymous_1)
FNDA:0,(anonymous_2)
FNDA:0,(anonymous_3)
FNDA:0,(anonymous_4)
FNDA:0,(anonymous_5)
FNDA:0,(anonymous_6)
DA:9,0
DA:10,0
DA:11,0
DA:12,0
DA:13,0
DA:20,0
DA:21,0
DA:22,0
DA:23,0
DA:24,0
DA:26,0
DA:28,0
DA:29,0
DA:36,0
DA:43,0
DA:44,0
DA:47,0
DA:59,0
DA:60,0
DA:63,0
DA:65,0
DA:66,0
DA:69,0
DA:76,0
DA:77,0
DA:80,0
DA:81,0
DA:86,0
DA:93,0
DA:94,0
DA:95,0
DA:97,0
DA:101,0
DA:104,0
DA:105,0
DA:106,0
DA:107,0
DA:110,0
DA:118,0
DA:119,0
DA:121,0
DA:125,0
DA:126,0
DA:133,0
LF:44
LH:0
BRDA:20,0,0,0
BRDA:20,0,1,0
BRDA:23,1,0,0
BRDA:23,1,1,0
BRDA:23,2,0,0
BRDA:23,2,1,0
BRDA:43,3,0,0
BRDA:43,3,1,0
BRDA:59,4,0,0
BRDA:59,4,1,0
BRDA:65,5,0,0
BRDA:65,5,1,0
BRDA:65,6,0,0
BRDA:65,6,1,0
BRDA:65,6,2,0
BRDA:76,7,0,0
BRDA:76,7,1,0
BRDA:94,8,0,0
BRDA:94,8,1,0
BRDA:95,9,0,0
BRDA:95,9,1,0
BRDA:105,10,0,0
BRDA:105,10,1,0
BRF:23
BRH:0
end_of_record
TN:
SF:ai/IAiProvider.js
FN:13,(anonymous_0)
FN:22,(anonymous_1)
FN:31,(anonymous_2)
FNF:3
FNH:0
FNDA:0,(anonymous_0)
FNDA:0,(anonymous_1)
FNDA:0,(anonymous_2)
DA:14,0
DA:23,0
DA:32,0
LF:3
LH:0
BRDA:13,0,0,0
BRF:1
BRH:0
end_of_record
TN:
SF:ai/MockAiProvider.js
FN:7,(anonymous_0)
FN:15,(anonymous_1)
FN:54,(anonymous_2)
FN:65,(anonymous_3)
FN:89,(anonymous_4)
FN:90,(anonymous_5)
FN:109,(anonymous_6)
FN:121,(anonymous_7)
FN:136,(anonymous_8)
FN:138,(anonymous_9)
FNF:10
FNH:0
FNDA:0,(anonymous_0)
FNDA:0,(anonymous_1)
FNDA:0,(anonymous_2)
FNDA:0,(anonymous_3)
FNDA:0,(anonymous_4)
FNDA:0,(anonymous_5)
FNDA:0,(anonymous_6)
FNDA:0,(anonymous_7)
FNDA:0,(anonymous_8)
FNDA:0,(anonymous_9)
DA:8,0
DA:9,0
DA:16,0
DA:19,0
DA:22,0
DA:50,0
DA:51,0
DA:53,0
DA:54,0
DA:55,0
DA:56,0
DA:59,0
DA:66,0
DA:68,0
DA:69,0
DA:71,0
DA:74,0
DA:82,0
DA:89,0
DA:90,0
DA:93,0
DA:94,0
DA:97,0
DA:98,0
DA:101,0
DA:103,0
DA:110,0
DA:112,0
DA:115,0
DA:118,0
DA:121,0
DA:125,0
DA:127,0
DA:137,0
DA:138,0
LF:35
LH:0
BRDA:15,0,0,0
BRDA:16,1,0,0
BRDA:16,1,1,0
BRDA:16,2,0,0
BRDA:16,2,1,0
BRDA:51,3,0,0
BRDA:51,3,1,0
BRDA:97,4,0,0
BRDA:97,4,1,0
BRDA:98,5,0,0
BRDA:98,5,1,0
BRDA:121,6,0,0
BRDA:121,6,1,0
BRDA:125,7,0,0
BRDA:125,7,1,0
BRDA:136,8,0,0
BRDA:136,9,0,0
BRF:17
BRH:0
end_of_record
TN:
SF:ai/OpenAiProvider.js
FN:8,(anonymous_0)
FN:20,(anonymous_1)
FN:43,(anonymous_2)
FN:83,(anonymous_3)
FN:120,(anonymous_4)
FN:137,(anonymous_5)
FN:161,(anonymous_6)
FN:171,(anonymous_7)
FNF:8
FNH:0
FNDA:0,(anonymous_0)
FNDA:0,(anonymous_1)
FNDA:0,(anonymous_2)
FNDA:0,(anonymous_3)
FNDA:0,(anonymous_4)
FNDA:0,(anonymous_5)
FNDA:0,(anonymous_6)
FNDA:0,(anonymous_7)
DA:9,0
DA:10,0
DA:11,0
DA:12,0
DA:13,0
DA:14,0
DA:21,0
DA:22,0
DA:23,0
DA:24,0
DA:25,0
DA:27,0
DA:29,0
DA:30,0
DA:37,0
DA:44,0
DA:45,0
DA:48,0
DA:67,0
DA:68,0
DA:71,0
DA:73,0
DA:74,0
DA:77,0
DA:84,0
DA:85,0
DA:88,0
DA:104,0
DA:105,0
DA:108,0
DA:110,0
DA:111,0
DA:114,0
DA:121,0
DA:122,0
DA:125,0
DA:126,0
DA:131,0
DA:138,0
DA:139,0
DA:140,0
DA:142,0
DA:146,0
DA:149,0
DA:150,0
DA:151,0
DA:152,0
DA:155,0
DA:162,0
DA:163,0
DA:165,0
DA:172,0
LF:52
LH:0
BRDA:21,0,0,0
BRDA:21,0,1,0
BRDA:24,1,0,0
BRDA:24,1,1,0
BRDA:24,2,0,0
BRDA:24,2,1,0
BRDA:43,3,0,0
BRDA:44,4,0,0
BRDA:44,4,1,0
BRDA:67,5,0,0
BRDA:67,5,1,0
BRDA:73,6,0,0
BRDA:73,6,1,0
BRDA:73,7,0,0
BRDA:73,7,1,0
BRDA:73,7,2,0
BRDA:84,8,0,0
BRDA:84,8,1,0
BRDA:104,9,0,0
BRDA:104,9,1,0
BRDA:110,10,0,0
BRDA:110,10,1,0
BRDA:110,11,0,0
BRDA:110,11,1,0
BRDA:110,11,2,0
BRDA:121,12,0,0
BRDA:121,12,1,0
BRDA:139,13,0,0
BRDA:139,13,1,0
BRDA:140,14,0,0
BRDA:140,14,1,0
BRDA:150,15,0,0
BRDA:150,15,1,0
BRF:33
BRH:0
end_of_record
TN:
SF:utils/duplicateDetection.js
FN:7,jaccardSimilarity
FN:13,(anonymous_1)
FN:28,isDuplicate
FN:41,removeDuplicates
FN:45,(anonymous_4)
FNF:5
FNH:0
FNDA:0,jaccardSimilarity
FNDA:0,(anonymous_1)
FNDA:0,isDuplicate
FNDA:0,removeDuplicates
FNDA:0,(anonymous_4)
DA:8,0
DA:10,0
DA:11,0
DA:13,0
DA:14,0
DA:16,0
DA:18,0
DA:29,0
DA:30,0
DA:32,0
DA:42,0
DA:44,0
DA:45,0
DA:46,0
DA:49,0
DA:50,0
DA:54,0
LF:17
LH:0
BRDA:8,0,0,0
BRDA:8,0,1,0
BRDA:8,1,0,0
BRDA:8,1,1,0
BRDA:16,2,0,0
BRDA:16,2,1,0
BRDA:28,3,0,0
BRDA:41,4,0,0
BRDA:49,5,0,0
BRDA:49,5,1,0
BRF:10
BRH:0
end_of_record
